<?xml version="1.0" encoding="UTF-8"?>
<!-- Generated by org.testng.reporters.JUnitXMLReporter -->
<testsuite ignored="0" hostname="SABARIs-MacBook-Air.local" failures="0" tests="2" name="Default test" time="8.885" errors="0" timestamp="2025-06-09T12:58:57 IST">
  <testcase classname="io.cucumber.testng.AbstractTestNGCucumberTests" name="runScenario" time="5.279"/>
  <testcase classname="io.cucumber.testng.AbstractTestNGCucumberTests" name="runScenario" time="3.169"/>
</testsuite> <!-- Default test -->
